[debug] [2024-06-15T08:36:04.570Z] ----------------------------------------------------------------------
[debug] [2024-06-15T08:36:04.573Z] Command:       C:\Program Files\nodejs\node.exe C:\Users\Chrombit\AppData\Roaming\npm\node_modules\firebase-tools\lib\bin\firebase.js emulators:start --only functions
[debug] [2024-06-15T08:36:04.573Z] CLI Version:   13.11.2
[debug] [2024-06-15T08:36:04.574Z] Platform:      win32
[debug] [2024-06-15T08:36:04.574Z] Node Version:  v21.6.1
[debug] [2024-06-15T08:36:04.574Z] Time:          Sat Jun 15 2024 15:36:04 GMT+0700 (Western Indonesia Time)
[debug] [2024-06-15T08:36:04.574Z] ----------------------------------------------------------------------
[debug] 
[debug] [2024-06-15T08:36:04.695Z] > command requires scopes: ["email","openid","https://www.googleapis.com/auth/cloudplatformprojects.readonly","https://www.googleapis.com/auth/firebase","https://www.googleapis.com/auth/cloud-platform"]
[debug] [2024-06-15T08:36:04.695Z] > authorizing via signed-in user (alwirifa611@gmail.com)
[info] i  emulators: Starting emulators: functions {"metadata":{"emulator":{"name":"hub"},"message":"Starting emulators: functions"}}
[debug] [2024-06-15T08:36:04.707Z] [logging] Logging Emulator only supports listening on one address (127.0.0.1). Not listening on ::1
[debug] [2024-06-15T08:36:04.707Z] assigned listening specs for emulators {"user":{"hub":[{"address":"127.0.0.1","family":"IPv4","port":4400},{"address":"::1","family":"IPv6","port":4400}],"ui":[{"address":"127.0.0.1","family":"IPv4","port":4000},{"address":"::1","family":"IPv6","port":4000}],"logging":[{"address":"127.0.0.1","family":"IPv4","port":4500}]},"metadata":{"message":"assigned listening specs for emulators"}}
[debug] [2024-06-15T08:36:04.714Z] [hub] writing locator at C:\Users\Chrombit\AppData\Local\Temp\hub-ebuddy-tech-test.json
[debug] [2024-06-15T08:36:04.735Z] [functions] Functions Emulator only supports listening on one address (127.0.0.1). Not listening on ::1
[debug] [2024-06-15T08:36:04.735Z] [eventarc] Eventarc Emulator only supports listening on one address (127.0.0.1). Not listening on ::1
[debug] [2024-06-15T08:36:04.735Z] late-assigned ports for functions and eventarc emulators {"user":{"hub":[{"address":"127.0.0.1","family":"IPv4","port":4400},{"address":"::1","family":"IPv6","port":4400}],"ui":[{"address":"127.0.0.1","family":"IPv4","port":4000},{"address":"::1","family":"IPv6","port":4000}],"logging":[{"address":"127.0.0.1","family":"IPv4","port":4500}],"functions":[{"address":"127.0.0.1","family":"IPv4","port":5001}],"eventarc":[{"address":"127.0.0.1","family":"IPv4","port":9299}]},"metadata":{"message":"late-assigned ports for functions and eventarc emulators"}}
[warn] !  functions: The following emulators are not running, calls to these services from the Functions emulator will affect production: auth, firestore, database, hosting, pubsub, storage, dataconnect {"metadata":{"emulator":{"name":"functions"},"message":"The following emulators are not running, calls to these services from the Functions emulator will affect production: \u001b[1mauth, firestore, database, hosting, pubsub, storage, dataconnect\u001b[22m"}}
[debug] [2024-06-15T08:36:04.740Z] defaultcredentials: writing to file C:\Users\Chrombit\AppData\Roaming\firebase\alwirifa611_gmail_com_application_default_credentials.json
[debug] [2024-06-15T08:36:04.743Z] Setting GAC to C:\Users\Chrombit\AppData\Roaming\firebase\alwirifa611_gmail_com_application_default_credentials.json {"metadata":{"emulator":{"name":"functions"},"message":"Setting GAC to C:\\Users\\Chrombit\\AppData\\Roaming\\firebase\\alwirifa611_gmail_com_application_default_credentials.json"}}
[debug] [2024-06-15T08:36:04.745Z] >>> [apiv2][query] GET https://firebase.googleapis.com/v1beta1/projects/ebuddy-tech-test/adminSdkConfig [none]
[debug] [2024-06-15T08:36:05.205Z] <<< [apiv2][status] GET https://firebase.googleapis.com/v1beta1/projects/ebuddy-tech-test/adminSdkConfig 200
[debug] [2024-06-15T08:36:05.205Z] <<< [apiv2][body] GET https://firebase.googleapis.com/v1beta1/projects/ebuddy-tech-test/adminSdkConfig {"projectId":"ebuddy-tech-test","storageBucket":"ebuddy-tech-test.appspot.com"}
[debug] [2024-06-15T08:36:05.247Z] Ignoring unsupported arg: auto_download {"metadata":{"emulator":{"name":"ui"},"message":"Ignoring unsupported arg: auto_download"}}
[debug] [2024-06-15T08:36:05.247Z] Ignoring unsupported arg: port {"metadata":{"emulator":{"name":"ui"},"message":"Ignoring unsupported arg: port"}}
[debug] [2024-06-15T08:36:05.247Z] Starting Emulator UI with command {"binary":"node","args":["C:\\Users\\Chrombit\\.cache\\firebase\\emulators\\ui-v1.12.1\\server\\server.mjs"],"optionalArgs":[],"joinArgs":false,"shell":false} {"metadata":{"emulator":{"name":"ui"},"message":"Starting Emulator UI with command {\"binary\":\"node\",\"args\":[\"C:\\\\Users\\\\Chrombit\\\\.cache\\\\firebase\\\\emulators\\\\ui-v1.12.1\\\\server\\\\server.mjs\"],\"optionalArgs\":[],\"joinArgs\":false,\"shell\":false}"}}
[info] i  ui: Emulator UI logging to ui-debug.log {"metadata":{"emulator":{"name":"ui"},"message":"Emulator UI logging to \u001b[1mui-debug.log\u001b[22m"}}
[debug] [2024-06-15T08:36:05.403Z] Web / API server started at 127.0.0.1:4000
 {"metadata":{"emulator":{"name":"ui"},"message":"Web / API server started at 127.0.0.1:4000\n"}}
[debug] [2024-06-15T08:36:05.403Z] Web / API server started at ::1:4000
 {"metadata":{"emulator":{"name":"ui"},"message":"Web / API server started at ::1:4000\n"}}
[info] i  functions: Watching "C:\workspace\alwi\ebuddy_tecth_test\backend-repo\functions" for Cloud Functions... {"metadata":{"emulator":{"name":"functions"},"message":"Watching \"C:\\workspace\\alwi\\ebuddy_tecth_test\\backend-repo\\functions\" for Cloud Functions..."}}
[debug] [2024-06-15T08:36:05.487Z] Validating nodejs source
[debug] [2024-06-15T08:36:06.956Z] > [functions] package.json contents: {
  "name": "functions",
  "scripts": {
    "lint": "eslint --ext .js,.ts .",
    "build": "tsc",
    "build:watch": "tsc --watch",
    "serve": "npm run build && firebase emulators:start --only functions",
    "shell": "npm run build && firebase functions:shell",
    "start": "npm run build && firebase emulators:start --only functions",
    "deploy": "firebase deploy --only functions",
    "logs": "firebase functions:log"
  },
  "engines": {
    "node": "18"
  },
  "main": "lib/index.js",
  "dependencies": {
    "firebase-admin": "^12.1.0",
    "firebase-functions": "^5.0.0"
  },
  "devDependencies": {
    "@typescript-eslint/eslint-plugin": "^5.12.0",
    "@typescript-eslint/parser": "^5.12.0",
    "eslint": "^8.9.0",
    "eslint-config-google": "^0.14.0",
    "eslint-plugin-import": "^2.25.4",
    "firebase-functions-test": "^3.1.0",
    "typescript": "^4.9.0"
  },
  "private": true
}
[debug] [2024-06-15T08:36:06.956Z] Building nodejs source
[debug] [2024-06-15T08:36:06.957Z] Failed to find version of module node: reached end of search path C:\workspace\alwi\ebuddy_tecth_test\backend-repo\functions\node_modules
[warn] !  functions: Your requested "node" version "18" doesn't match your global version "21". Using node@21 from host. 
[debug] [2024-06-15T08:36:06.959Z] Could not find functions.yaml. Must use http discovery
[debug] [2024-06-15T08:36:06.966Z] Found firebase-functions binary at 'C:\workspace\alwi\ebuddy_tecth_test\backend-repo\functions\node_modules\.bin\firebase-functions'
[info] Serving at port 8944

[debug] [2024-06-15T08:36:07.307Z] Got response from /__/functions.yaml {"endpoints":{},"specVersion":"v1alpha1","requiredAPIs":[]}
[info] +  functions: Loaded functions definitions from source: . {"metadata":{"emulator":{"name":"functions"},"message":"Loaded functions definitions from source: ."}}
[info] 
┌─────────────────────────────────────────────────────────────┐
│ ✔  All emulators ready! It is now safe to connect your app. │
│ i  View Emulator UI at http://127.0.0.1:4000/               │
└─────────────────────────────────────────────────────────────┘

┌───────────┬────────────────┬─────────────────────────────────┐
│ Emulator  │ Host:Port      │ View in Emulator UI             │
├───────────┼────────────────┼─────────────────────────────────┤
│ Functions │ 127.0.0.1:5001 │ http://127.0.0.1:4000/functions │
└───────────┴────────────────┴─────────────────────────────────┘
  Emulator Hub running at 127.0.0.1:4400
  Other reserved ports: 4500

Issues? Report them at https://github.com/firebase/firebase-tools/issues and attach the *-debug.log files.
 
[debug] [2024-06-15T08:47:25.888Z] Received signal SIGHUP 1
